<?xml version="1.0" encoding="utf-8"?><testsuites name="pytest tests"><testsuite name="pytest" errors="0" failures="0" skipped="0" tests="8" time="3.708" timestamp="2026-09-13T04:40:36.841053+00:00" hostname="agent-env-8fb3b9ec-ee12-4858-8d43-fc54d2a16ccd"><testcase classname="tests.test_capacity_connect.TestAuth" name="test_employee_login" time="1.405" /><testcase classname="tests.test_capacity_connect.TestEmployeeDashboard" name="test_returns_200_and_shape" time="1.400" /><testcase classname="tests.test_capacity_connect.TestEmployeeDashboard" name="test_stats_agree_with_enrollments" time="0.642" /><testcase classname="tests.test_capacity_connect.TestAuth" name="test_admin_login" time="0.623" /><testcase classname="tests.test_capacity_connect.TestAuth" name="test_trainer_login" time="0.639" /><testcase classname="tests.test_capacity_connect.TestEmployeeDashboard" name="test_requires_employee_role" time="0.623" /><testcase classname="tests.test_capacity_connect.TestEmployeeDashboard" name="test_unauthenticated_rejected" time="0.158" /><testcase classname="tests.test_capacity_connect.TestOtherRoleDashboards" name="test_admin_overview" time="0.597" /></testsuite></testsuites>